-------- Log file TGard.log -------

Executable: vplanet
Version: 0.9.4-866-g635153dfad5614cba42cad4256c1ae6b85649d41
System Name: TGard
Primary Input File: vpl.in
Body File #1: TGstar.in
Body File #2: TGb.in
Body File #3: TGc.in
Allow files to be overwitten: Yes
Mass Units: Kilograms
Length Units: Meters
Time Units: Seconds
Angle Units: Radians

------- FORMATTING -----
Verbosity Level: 5
Crossover Decade for Scientific Notation: 4
Number of Digits After Decimal: 6
Integration Method: Runge-Kutta4
Direction: Forward
Time Step: 3.155760e+07
Stop Time: 3.155760e+13
Output Interval: 3.155760e+09
Use Variable Timestep: Yes
dEta: 0.001000
Minimum Value of ecc and obl: 1.000000e-10


---- INITIAL SYSTEM PROPERTIES ----
(Age) System Age [sec]: 3.155760e+13 
(Time) Simulation Time [sec]: 0.000000 
(TotAngMom) Total Angular Momentum [kg*m^2/sec]: 9.025204e+39 
(TotEnergy) Total System Energy [kg*m^2/sec^2]: -1.657582e+39 
(PotEnergy) Body's non-orbital Potential Energy [kg*m^2/sec^2]: -1.657567e+39 
(KinEnergy) Body's non-orbital Kinetic Energy [kg*m^2/sec^2]: 1.389414e+33 
(DeltaTime) Average Timestep Over Last Output Interval [sec]: 0.000000 
(Density) Average Density [kg/m^3]: 2916.413008 
(LongP) Body's Longitude of pericenter [rad]: 0.000000 
(LXUVTot) Total XUV Luminosity [kg*m^2/sec^2/(m^2*sec)]: 1.880028e+22 

----- BODY: TGstar ----
Active Modules: EqTide STELLAR
Module Bit Sum: 67
Color: 000000
(Mass) Mass [kg]: 1.590733e+29 
(Obliquity) Obliquity [rad]: 0.000000 
(PrecA) Body's precession angle [rad]: 0.000000 
(Xobl) Body's sin(obl)*cos(pA) []: 0.000000 
(Yobl) Body's sin(obl)*sin(pA) []: 0.000000 
(Zobl) Body's cos(obl) []: 1.000000 
(Radius) Radius [Solar]: 0.878733 
(RadGyra) Radius of Gyration []: 0.445942 
(RotAngMom) Rotational Angular Momentum [kg*m^2/sec]: 5.731743e+39 
(RotKinEnergy) Body's Rotational Energy [kg*m^2/sec^2]: 1.389414e+33 
(RotVel) Rotational Velocity [m/sec]: 296.383353 
(BodyType) Type of Body (0 == planet) []: 0.000000 
(RotRate) Rotational Frequency [/sec]: 4.848137e-07 
(RotPer) Rotational Period [days]: 150.000000 
(SurfEnFluxTotal) Total Surface Energy Flux [kg*m^2/sec^2/(m^2*sec)]: 1.477436e+10 
(ImK2) Im(k_2) []: -5.000000e-07 
(K2) k_2 []: 0.500000 
(K2Man) Real Love Number k2 Mantle []: 0.010000 
(Imk2Man) Imaginary Love Number k2 Mantle []: 0.000000 
(TidalQMantle) Mantle's Tidal Q []: 100.000000 
(HEcc) Poincare's h (=e*sin(varpi) []: 0.000000 
(HZLimitDryRunaway) Semi-major axis of Dry Runaway HZ Limit [m]: 3.002086e+10 
(HZLimRecVenus) Recent Venus Habitable Zone Limit [m]: 2.704556e+10 
(HZLimRunaway) Runaway Greenhouse Habitable Zone Limit [m]: 3.557903e+10 
(HZLimMoistGreenhouse) Moist Greenhouse Habitable Zone Limit [m]: 3.578576e+10 
(HZLimMaxGreenhouse) Maximum Greenhouse Habitable Zone Limit [m]: 6.881980e+10 
(HZLimEarlyMars) Early Mars Habitable Zone Limit [m]: 7.505521e+10 
(Instellation) Orbit-averaged INcident STELLar radiATION [kg*m^2/sec^2/(m^2*sec)]: -1.000000 
(KEcc) Poincare's k (=e*cos(varpi) []: 0.000000 
(Eccentricity) Orbital Eccentricity []: -1.000000 
(OrbEnergy) Body's Total Orbital Energy [kg*m^2/sec^2]: 0.000000 
(MeanMotion) Orbital Mean Motion [/sec]: -1.000000 
(OrbPeriod) Orbital Period [sec]: -1.000000 
(SemiMajorAxis) Semi-major Axis [m]: -1.000000 
(CriticalSemiMajorAxis) Holman & Wiegert (1999) P-type Critical Semi-major Axis [m]: -1.000000 
(OrbAngMom) Orbital Angular Momentum [kg*m^2/sec]: 0.000000 
(TotOrbEnergy) System's Total Orbital Energy [kg*m^2/sec^2]: -1.571860e+34 
(OrbPotEnergy) Body's Orbital Potential Energy [kg*m^2/sec^2]: -1.000000 
(LostEnergy) Body's Total Lost Energy [kg*m^2/sec^2]: 5.562685e-309 
(LostAngMom) Lost Angular Momentum due to Magnetic Braking [kg*m^2/sec]: 5.562685e-309 
----- EQTIDE PARAMETERS (TGstar)------
(LockTime) Time when body tidally locked. [sec]: -1.000000 
(BodyDsemiDtEqtide) Body's Contribution to dSemi/dt in EQTIDE []: -1.000000 
(BodyDeccDt) Body's Contribution to dEcc/dt in EQTIDE []: -1.000000 
(DOblDtEqtide) Time Rate of Change of Obliquity in EQTIDE [rad/sec]: 0.000000 
(DRotPerDtEqtide) Time Rate of Change of Rotation Period in EQTIDE []: -4.666125e-13 
(DRotRateDtEqtide) Time Rate of Change of Rotational Frequency in EQTIDE [/sec^2]: 1.745526e-26 
(EqRotPer) Equilibrium Rotation Period [sec]: 4.365584e+05 
(EqRotRate) Equilibrium Rotation Rate [/sec]: 1.439254e-05 
(OceanK2) K2_Ocean []: 0.010000 
(EnvTidalQ) Envelope Tidal Q []: -1.000000 
(OceanTidalQ) Ocean Tidal Q []: -1.000000 
(TidalTau) Tidal Time Lag [sec]: 0.100000 
(TideLock) Tidally Locked? []: 0.000000 
(RotTimeEqtide) Timescale for Rotational Evolution in EQTIDE [sec]: 1.712112e-26 
(EnvK2) K2_Env []: 0.010000 
(OblTimeEqtide) Timescale for Obliquity Evolution in EQTIDE []: -1.000000 
(PowerEqtide) Internal Power due to Tides in EQTIDE [kg*m^2/sec^3]: 6.938672e+28 
(SurfEnFluxEqtide) Surface Energy Flux due to Tides in EQTIDE [kg*m^2/sec^2/(m^2*sec)]: 1.477436e+10 
Tidal Perturbers: TGb, TGc
----- STELLAR PARAMETERS (TGstar)------
(Luminosity) Luminosity [LSUN]: 0.048883 
(LXUVStellar) Base X-ray/XUV Luminosity [kg*m^2/sec^3]: 1.880028e+22 
(Temperature) Effective Temperature [K]: 2897.423645 
(LXUVFrac) X-ray/XUV Luminosity Fraction []: 0.001000 
(RossbyNumber) Rossby Number []: 2.105193 
(DRotPerDtStellar) Time Rate of Change of Rotation Period in STELLAR []: -2.680275e-08 
Output Order: Time[year] Radius[Solar] RotPer[days] Luminosity[LSUN]
Grid Output Order:

----- BODY: TGb ----
Active Modules: DistOrb DistRot EqTide
Module Bit Sum: 51
Color: 000000
(Mass) Mass [kg]: 6.893768e+24 
(Obliquity) Obliquity [rad]: 1.694292 
(PrecA) Body's precession angle [rad]: 0.000000 
(Xobl) Body's sin(obl)*cos(pA) []: 0.992384 
(Yobl) Body's sin(obl)*sin(pA) []: 0.000000 
(Zobl) Body's cos(obl) []: -0.123182 
(Radius) Radius [m]: 6.631981e+06 
(RadGyra) Radius of Gyration []: 0.400000 
(RotAngMom) Rotational Angular Momentum [kg*m^2/sec]: 3.528006e+33 
(RotKinEnergy) Body's Rotational Energy [kg*m^2/sec^2]: 1.282819e+29 
(RotVel) Rotational Velocity [m/sec]: 482.291276 
(BodyType) Type of Body (0 == planet) []: 0.000000 
(RotRate) Rotational Frequency [/sec]: 7.272205e-05 
(RotPer) Rotational Period [days]: 1.000000 
(SurfEnFluxTotal) Total Surface Energy Flux [kg*m^2/sec^2/(m^2*sec)]: 5960.401011 
(ImK2) Im(k_2) []: -3.000000e-07 
(K2) k_2 []: 0.300000 
(K2Man) Real Love Number k2 Mantle []: 0.010000 
(Imk2Man) Imaginary Love Number k2 Mantle []: 0.000000 
(TidalQMantle) Mantle's Tidal Q []: 100.000000 
(HEcc) Poincare's h (=e*sin(varpi) []: 0.058838 
(HZLimitDryRunaway) Semi-major axis of Dry Runaway HZ Limit [m]: 3.007702e+10 
(HZLimRecVenus) Recent Venus Habitable Zone Limit [m]: 2.704556e+10 
(HZLimRunaway) Runaway Greenhouse Habitable Zone Limit [m]: 3.557903e+10 
(HZLimMoistGreenhouse) Moist Greenhouse Habitable Zone Limit [m]: 3.578576e+10 
(HZLimMaxGreenhouse) Maximum Greenhouse Habitable Zone Limit [m]: 6.881980e+10 
(HZLimEarlyMars) Early Mars Habitable Zone Limit [m]: 7.505521e+10 
(Instellation) Orbit-averaged INcident STELLar radiATION [kg*m^2/sec^2/(m^2*sec)]: 1.054664e+05 
(KEcc) Poincare's k (=e*cos(varpi) []: 0.016388 
(Eccentricity) Orbital Eccentricity []: 0.061078 
(OrbEnergy) Body's Total Orbital Energy [kg*m^2/sec^2]: -9.707388e+33 
(MeanMotion) Orbital Mean Motion [/sec]: 1.407736e-05 
(OrbPeriod) Orbital Period [sec]: 4.463325e+05 
(SemiMajorAxis) Semi-major Axis [m]: 3.769866e+09 
(CriticalSemiMajorAxis) Holman & Wiegert (1999) P-type Critical Semi-major Axis [m]: -1.000000 
(OrbAngMom) Orbital Angular Momentum [kg*m^2/sec]: 1.376574e+39 
(ArgP) Body's argument of pericenter [rad]: 3.400395 
(Inc) Body's Inclination [rad]: 0.194703 
(LongA) Body's Longitude of ascending node [rad]: 4.181947 
(MeanLongitude) Orbital Mean Longitude [rad]: 1.299157 
(TotOrbEnergy) System's Total Orbital Energy [kg*m^2/sec^2]: -1.571860e+34 
(OrbPotEnergy) Body's Orbital Potential Energy [kg*m^2/sec^2]: -1.941478e+34 
(LostEnergy) Body's Total Lost Energy [kg*m^2/sec^2]: 5.562685e-309 
Mass-Radius Relationship: Bayless, A.J. & Orosz, J.A. 2006, ApJ, 651, 1155-1165.
----- EQTIDE PARAMETERS (TGb)------
(TidalRadius) Tidal Radius [m]: 6.631981e+06 
(DsemiDtEqtide) Total da/dt in EQTIDE [m/sec]: -1.386081e-07 
(DeccDtEqtide) Total de/dt in EQTIDE [/sec]: -8.277823e-18 
(DMeanMotionDtEqtide) Total dMeanMotion/dt in EQTIDE [/sec^2]: 7.763818e-22 
(DOrbPerDtEqtide) Total dOrbPer/dt in EQTIDE []: -2.461572e-11 
(EccTimeEqtide) Timescale for Eccentricity Evolution (e/[de/dt]) in EQTIDE [sec]: 7.378454e+15 
(SemiTimeEqtide) Timescale for Semi-major Axis Evolution (a/[da/dt]) in EQTIDE [sec]: 2.719801e+16 
(DHEccDtEqtide) Time Rate of Change of Poincare's h in EQTIDE [/sec]: -7.974295e-18 
(DKEccDtEqtide) Time Rate of Change of Poincare's k in EQTIDE [/sec]: -2.221030e-18 
(DXoblDtEqtide) Time Rate of Change of Laskar's X in EQTIDE [/sec]: 6.834338e-13 
(DYoblDtEqtide) Time Rate of Change of Laskar's Y in EQTIDE [/sec]: 0.000000 
(DZoblDtEqtide) Time Rate of Change of Laskar's Z in EQTIDE [/sec]: 5.505930e-12 
(LockTime) Time when body tidally locked. [sec]: -1.000000 
(BodyDsemiDtEqtide) Body's Contribution to dSemi/dt in EQTIDE []: -1.000000 
(BodyDeccDt) Body's Contribution to dEcc/dt in EQTIDE []: -1.000000 
(DOblDtEqtide) Time Rate of Change of Obliquity in EQTIDE [rad/sec]: -5.548184e-12 
(DRotPerDtEqtide) Time Rate of Change of Rotation Period in EQTIDE []: 9.902047e-07 
(DRotRateDtEqtide) Time Rate of Change of Rotational Frequency in EQTIDE [/sec^2]: -8.334458e-16 
(EqRotPer) Equilibrium Rotation Period [sec]: -1.798900e+06 
(EqRotRate) Equilibrium Rotation Rate [/sec]: -3.492793e-06 
(OceanK2) K2_Ocean []: 0.010000 
(EnvTidalQ) Envelope Tidal Q []: -1.000000 
(OceanTidalQ) Ocean Tidal Q []: -1.000000 
(TidalTau) Tidal Time Lag [sec]: 149.605925 
(TideLock) Tidally Locked? []: 0.000000 
(RotTimeEqtide) Timescale for Rotational Evolution in EQTIDE [sec]: 8.725469e+10 
(EnvK2) K2_Env []: 0.010000 
(OblTimeEqtide) Timescale for Obliquity Evolution in EQTIDE []: -1.000000 
(PowerEqtide) Internal Power due to Tides in EQTIDE [kg*m^2/sec^3]: 3.294366e+18 
(SurfEnFluxEqtide) Surface Energy Flux due to Tides in EQTIDE [W/m^2]: 5960.401011 
Tidal Perturbers: TGstar
----- DISTORB PARAMETERS (TGb)------
(Sinc) Body's sin(1/2*Inclination) in DistOrb []: 0.097198 
(Pinc) Body's p = s*sin(Omega) in DistOrb []: -0.083841 
(Qinc) Body's q = s* cos(Omega) in DistOrb []: -0.049174 
(DIncDtDistOrb) Body's dInc/dt in DistOrb [rad/sec]: 1.812366e-11 
(DSincDtDistOrb) Body's dsin(.5*Inc)/dt in DistOrb [/sec]: 9.018925e-12 
(DLongADtDistOrb) Body's dOmega/dt in DistOrb [rad/sec]: -1.898828e-10 
(DLongPDtDistOrb) Body's dvarpi/dt in DistOrb [rad/sec]: 1.035185e-10 
(DHeccDtDistOrb) Body's dh/dt in DistOrb [/sec]: 5.388120e-12 
(DKeccDtDistOrb) Body's dk/dt in DistOrb [/sec]: -5.062600e-12 
(DPincDtDistOrb) Body's dp/dt in DistOrb [/sec]: 1.557664e-12 
(DQincDtDistOrb) Body's dq/dt in DistOrb [/sec]: -2.048280e-11 
-----DISTROT PARAMETERS (TGb)------
(CassiniOne) First Cassini parameter (misalignment of Cassini state vectors) []: 0.995913 
(CassiniTwo) Second Cassini parameter (alignment of Cassini state vectors []: -0.090322 
(DOblDtDistRot) Body's dobl/dt in DistRot [rad]: -3.961832e-11 
(DPrecADtDistRot) Body's dpA/dt in DistRot [rad/sec]: -1.614585e-09 
(DXoblDtDistRot) Body's dXobl/dt in DistRot [/sec]: -5.032983e-12 
(DYoblDtDistRot) Body's dYobl/dt in DistRot [/sec]: -1.602289e-09 
(DZoblDtDistRot) Body's dZobl/dt in DistRot [/sec]: 4.054709e-11 
(OblTimeDistRot) Obliquity timescale in DistRot [rad]: 7.929647e+10 
(PrecATimeDistRot) Axial precession timescale in DistRot [sec]: 3.891517e+09 
(XoblTimeDistRot) Xobl timescale in DistRot [/sec]: 1.986893e+11 
(YoblTimeDistRot) Yobl timescale in DistRot [/sec]: 6.241073e+08 
(ZoblTimeDistRot) Zobl timescale in DistRot [/sec]: 2.466268e+10 
(DynEllip) dynamical ellipticity of planet []: 0.003195 
(PrecFNat) natural precession freq of planet [rad/sec]: -1.617806e-09 
Output Order: Time[year] RotPer[days] LongP[deg] SemiMajorAxis[AU] Eccentricity[] LockTime[year] TideLock[year] SurfEnFluxEqtide[W/m^2] Obliquity[deg] PrecA[deg] DeltaTime[year] CassiniOne[year] CassiniTwo[year] PrecFNat[deg/year] DynEllip[]
Grid Output Order:

----- BODY: TGc ----
Active Modules: DistOrb EqTide
Module Bit Sum: 19
Color: 000000
(Mass) Mass [kg]: 7.335058e+24 
(Obliquity) Obliquity [rad]: 2.309162 
(PrecA) Body's precession angle [rad]: 0.044926 
(Xobl) Body's sin(obl)*cos(pA) []: 0.738824 
(Yobl) Body's sin(obl)*sin(pA) []: 0.033215 
(Zobl) Body's cos(obl) []: -0.673080 
(Radius) Radius [m]: 6.744858e+06 
(RadGyra) Radius of Gyration []: 0.400000 
(RotAngMom) Rotational Angular Momentum [kg*m^2/sec]: 3.882713e+33 
(RotKinEnergy) Body's Rotational Energy [kg*m^2/sec^2]: 1.411794e+29 
(RotVel) Rotational Velocity [m/sec]: 490.499936 
(BodyType) Type of Body (0 == planet) []: 0.000000 
(RotRate) Rotational Frequency [/sec]: 7.272205e-05 
(RotPer) Rotational Period [days]: 1.000000 
(SurfEnFluxTotal) Total Surface Energy Flux [kg*m^2/sec^2/(m^2*sec)]: 1623.691459 
(ImK2) Im(k_2) []: -3.000000e-07 
(K2) k_2 []: 0.300000 
(K2Man) Real Love Number k2 Mantle []: 0.010000 
(Imk2Man) Imaginary Love Number k2 Mantle []: 0.000000 
(TidalQMantle) Mantle's Tidal Q []: 100.000000 
(HEcc) Poincare's h (=e*sin(varpi) []: 0.061825 
(HZLimitDryRunaway) Semi-major axis of Dry Runaway HZ Limit [m]: 3.012516e+10 
(HZLimRecVenus) Recent Venus Habitable Zone Limit [m]: 2.704556e+10 
(HZLimRunaway) Runaway Greenhouse Habitable Zone Limit [m]: 3.557903e+10 
(HZLimMoistGreenhouse) Moist Greenhouse Habitable Zone Limit [m]: 3.578576e+10 
(HZLimMaxGreenhouse) Maximum Greenhouse Habitable Zone Limit [m]: 6.881980e+10 
(HZLimEarlyMars) Early Mars Habitable Zone Limit [m]: 7.505521e+10 
(Instellation) Orbit-averaged INcident STELLar radiATION [kg*m^2/sec^2/(m^2*sec)]: 3.577948e+04 
(KEcc) Poincare's k (=e*cos(varpi) []: -0.055590 
(Eccentricity) Orbital Eccentricity []: 0.083142 
(OrbEnergy) Body's Total Orbital Energy [kg*m^2/sec^2]: -6.011210e+33 
(MeanMotion) Orbital Mean Motion [/sec]: 6.250156e-06 
(OrbPeriod) Orbital Period [sec]: 1.005285e+06 
(SemiMajorAxis) Semi-major Axis [m]: 6.477588e+09 
(CriticalSemiMajorAxis) Holman & Wiegert (1999) P-type Critical Semi-major Axis [m]: -1.000000 
(OrbAngMom) Orbital Angular Momentum [kg*m^2/sec]: 1.916879e+39 
(ArgP) Body's argument of pericenter [rad]: 6.012280 
(Inc) Body's Inclination [rad]: 0.092471 
(LongA) Body's Longitude of ascending node [rad]: 2.574054 
(MeanLongitude) Orbital Mean Longitude [rad]: 2.303148 
(TotOrbEnergy) System's Total Orbital Energy [kg*m^2/sec^2]: -1.571860e+34 
(OrbPotEnergy) Body's Orbital Potential Energy [kg*m^2/sec^2]: -1.202242e+34 
(LostEnergy) Body's Total Lost Energy [kg*m^2/sec^2]: 5.562685e-309 
Mass-Radius Relationship: Bayless, A.J. & Orosz, J.A. 2006, ApJ, 651, 1155-1165.
----- EQTIDE PARAMETERS (TGc)------
(TidalRadius) Tidal Radius [m]: 6.744858e+06 
(DsemiDtEqtide) Total da/dt in EQTIDE [m/sec]: -8.007689e-08 
(DeccDtEqtide) Total de/dt in EQTIDE [/sec]: -2.882255e-18 
(DMeanMotionDtEqtide) Total dMeanMotion/dt in EQTIDE [/sec^2]: 1.158980e-22 
(DOrbPerDtEqtide) Total dOrbPer/dt in EQTIDE []: -1.864121e-11 
(EccTimeEqtide) Timescale for Eccentricity Evolution (e/[de/dt]) in EQTIDE [sec]: 2.884616e+16 
(SemiTimeEqtide) Timescale for Semi-major Axis Evolution (a/[da/dt]) in EQTIDE [sec]: 8.089210e+16 
(DHEccDtEqtide) Time Rate of Change of Poincare's h in EQTIDE [/sec]: -2.143256e-18 
(DKEccDtEqtide) Time Rate of Change of Poincare's k in EQTIDE [/sec]: 1.927135e-18 
(DXoblDtEqtide) Time Rate of Change of Laskar's X in EQTIDE [/sec]: 8.144366e-13 
(DYoblDtEqtide) Time Rate of Change of Laskar's Y in EQTIDE [/sec]: 3.661380e-14 
(DZoblDtEqtide) Time Rate of Change of Laskar's Z in EQTIDE [/sec]: 8.957945e-13 
(LockTime) Time when body tidally locked. [sec]: -1.000000 
(BodyDsemiDtEqtide) Body's Contribution to dSemi/dt in EQTIDE []: -1.000000 
(BodyDeccDt) Body's Contribution to dEcc/dt in EQTIDE []: -1.000000 
(DOblDtEqtide) Time Rate of Change of Obliquity in EQTIDE [rad/sec]: -1.211237e-12 
(DRotPerDtEqtide) Time Rate of Change of Rotation Period in EQTIDE []: 2.613039e-07 
(DRotRateDtEqtide) Time Rate of Change of Rotational Frequency in EQTIDE [/sec^2]: -2.199370e-16 
(EqRotPer) Equilibrium Rotation Period [sec]: -1.041860e+06 
(EqRotRate) Equilibrium Rotation Rate [/sec]: -6.030738e-06 
(OceanK2) K2_Ocean []: 0.010000 
(EnvTidalQ) Envelope Tidal Q []: -1.000000 
(OceanTidalQ) Ocean Tidal Q []: -1.000000 
(TidalTau) Tidal Time Lag [sec]: 678.501980 
(TideLock) Tidally Locked? []: 0.000000 
(RotTimeEqtide) Timescale for Rotational Evolution in EQTIDE [sec]: 3.306495e+11 
(EnvK2) K2_Env []: 0.010000 
(OblTimeEqtide) Timescale for Obliquity Evolution in EQTIDE []: -1.000000 
(PowerEqtide) Internal Power due to Tides in EQTIDE [kg*m^2/sec^3]: 9.282373e+17 
(SurfEnFluxEqtide) Surface Energy Flux due to Tides in EQTIDE [W/m^2]: 1623.691459 
Tidal Perturbers: TGstar
----- DISTORB PARAMETERS (TGc)------
(Sinc) Body's sin(1/2*Inclination) in DistOrb []: 0.046219 
(Pinc) Body's p = s*sin(Omega) in DistOrb []: 0.024846 
(Qinc) Body's q = s* cos(Omega) in DistOrb []: -0.038973 
(DIncDtDistOrb) Body's dInc/dt in DistOrb [rad/sec]: -2.603330e-11 
(DSincDtDistOrb) Body's dsin(.5*Inc)/dt in DistOrb [/sec]: -1.300274e-11 
(DLongADtDistOrb) Body's dOmega/dt in DistOrb [rad/sec]: -1.480051e-10 
(DLongPDtDistOrb) Body's dvarpi/dt in DistOrb [rad/sec]: 6.998236e-11 
(DHeccDtDistOrb) Body's dh/dt in DistOrb [/sec]: -6.385586e-12 
(DKeccDtDistOrb) Body's dk/dt in DistOrb [/sec]: -2.083019e-12 
(DPincDtDistOrb) Body's dp/dt in DistOrb [/sec]: -1.221500e-12 
(DQincDtDistOrb) Body's dq/dt in DistOrb [/sec]: 1.464152e-11 
Output Order: Time[year] RotPer[days] LongP[deg] SemiMajorAxis[AU] Eccentricity[] LockTime[year] TideLock[year] SurfEnFluxEqtide[W/m^2] Obliquity[deg] PrecA[deg] DeltaTime[year]
Grid Output Order:



---- FINAL SYSTEM PROPERTIES ----
(Age) System Age [sec]: 6.311520e+13 
(Time) Simulation Time [sec]: 3.155760e+13 
(TotAngMom) Total Angular Momentum [kg*m^2/sec]: 9.025167e+39 
(TotEnergy) Total System Energy [kg*m^2/sec^2]: 1.675285e+42 
(PotEnergy) Body's non-orbital Potential Energy [kg*m^2/sec^2]: -1.758321e+39 
(KinEnergy) Body's non-orbital Kinetic Energy [kg*m^2/sec^2]: 1.536650e+33 
(DeltaTime) Average Timestep Over Last Output Interval [sec]: 42.061204 
(Density) Average Density [kg/m^3]: 3481.210372 
(LongP) Body's Longitude of pericenter [rad]: 0.000000 
(LXUVTot) Total XUV Luminosity [kg*m^2/sec^2/(m^2*sec)]: 1.735168e+22 

----- BODY: TGstar ----
Active Modules: EqTide STELLAR
Module Bit Sum: 67
Color: 000000
(Mass) Mass [kg]: 1.590733e+29 
(Obliquity) Obliquity [rad]: 0.000000 
(PrecA) Body's precession angle [rad]: 0.000000 
(Xobl) Body's sin(obl)*cos(pA) []: 0.000000 
(Yobl) Body's sin(obl)*sin(pA) []: 0.000000 
(Zobl) Body's cos(obl) []: 1.000000 
(Radius) Radius [Solar]: 0.828380 
(RadGyra) Radius of Gyration []: 0.447738 
(RotAngMom) Rotational Angular Momentum [kg*m^2/sec]: 5.705280e+39 
(RotKinEnergy) Body's Rotational Energy [kg*m^2/sec^2]: 1.536650e+33 
(RotVel) Rotational Velocity [m/sec]: 310.441501 
(BodyType) Type of Body (0 == planet) []: 0.000000 
(RotRate) Rotational Frequency [/sec]: 5.386764e-07 
(RotPer) Rotational Period [days]: 135.001381 
(SurfEnFluxTotal) Total Surface Energy Flux [kg*m^2/sec^2/(m^2*sec)]: 8.502332e+09 
(ImK2) Im(k_2) []: -5.000000e-07 
(K2) k_2 []: 0.500000 
(K2Man) Real Love Number k2 Mantle []: 0.010000 
(Imk2Man) Imaginary Love Number k2 Mantle []: 0.000000 
(TidalQMantle) Mantle's Tidal Q []: 100.000000 
(HEcc) Poincare's h (=e*sin(varpi) []: 0.000000 
(HZLimitDryRunaway) Semi-major axis of Dry Runaway HZ Limit [m]: 2.884110e+10 
(HZLimRecVenus) Recent Venus Habitable Zone Limit [m]: 2.597124e+10 
(HZLimRunaway) Runaway Greenhouse Habitable Zone Limit [m]: 3.417201e+10 
(HZLimMoistGreenhouse) Moist Greenhouse Habitable Zone Limit [m]: 3.436426e+10 
(HZLimMaxGreenhouse) Maximum Greenhouse Habitable Zone Limit [m]: 6.602009e+10 
(HZLimEarlyMars) Early Mars Habitable Zone Limit [m]: 7.200175e+10 
(Instellation) Orbit-averaged INcident STELLar radiATION [kg*m^2/sec^2/(m^2*sec)]: -1.000000 
(KEcc) Poincare's k (=e*cos(varpi) []: 0.000000 
(Eccentricity) Orbital Eccentricity []: -1.000000 
(OrbEnergy) Body's Total Orbital Energy [kg*m^2/sec^2]: 0.000000 
(MeanMotion) Orbital Mean Motion [/sec]: -1.000000 
(OrbPeriod) Orbital Period [sec]: -1.000000 
(SemiMajorAxis) Semi-major Axis [m]: -1.000000 
(CriticalSemiMajorAxis) Holman & Wiegert (1999) P-type Critical Semi-major Axis [m]: -1.000000 
(OrbAngMom) Orbital Angular Momentum [kg*m^2/sec]: 0.000000 
(TotOrbEnergy) System's Total Orbital Energy [kg*m^2/sec^2]: -1.571886e+34 
(OrbPotEnergy) Body's Orbital Potential Energy [kg*m^2/sec^2]: -1.000000 
(LostEnergy) Body's Total Lost Energy [kg*m^2/sec^2]: 1.677044e+42 
(LostAngMom) Lost Angular Momentum due to Magnetic Braking [kg*m^2/sec]: 2.646668e+37 
----- EQTIDE PARAMETERS (TGstar)------
(LockTime) Time when body tidally locked. [sec]: -1.000000 
(BodyDsemiDtEqtide) Body's Contribution to dSemi/dt in EQTIDE []: -1.000000 
(BodyDeccDt) Body's Contribution to dEcc/dt in EQTIDE []: -1.000000 
(DOblDtEqtide) Time Rate of Change of Obliquity in EQTIDE [rad/sec]: 0.000000 
(DRotPerDtEqtide) Time Rate of Change of Rotation Period in EQTIDE []: -3.002759e-13 
(DRotRateDtEqtide) Time Rate of Change of Rotational Frequency in EQTIDE [/sec^2]: 1.386745e-26 
(EqRotPer) Equilibrium Rotation Period [sec]: 4.447068e+05 
(EqRotRate) Equilibrium Rotation Rate [/sec]: 1.412883e-05 
(OceanK2) K2_Ocean []: 0.010000 
(EnvTidalQ) Envelope Tidal Q []: -1.000000 
(OceanTidalQ) Ocean Tidal Q []: -1.000000 
(TidalTau) Tidal Time Lag [sec]: 0.100000 
(TideLock) Tidally Locked? []: 0.000000 
(RotTimeEqtide) Timescale for Rotational Evolution in EQTIDE [sec]: 1.358361e-26 
(EnvK2) K2_Env []: 0.010000 
(OblTimeEqtide) Timescale for Obliquity Evolution in EQTIDE []: -1.000000 
(PowerEqtide) Internal Power due to Tides in EQTIDE [kg*m^2/sec^3]: 3.548556e+28 
(SurfEnFluxEqtide) Surface Energy Flux due to Tides in EQTIDE [kg*m^2/sec^2/(m^2*sec)]: 8.502332e+09 
Tidal Perturbers: TGb, TGc
----- STELLAR PARAMETERS (TGstar)------
(Luminosity) Luminosity [LSUN]: 0.045116 
(LXUVStellar) Base X-ray/XUV Luminosity [kg*m^2/sec^3]: 1.735168e+22 
(Temperature) Effective Temperature [K]: 2923.907193 
(LXUVFrac) X-ray/XUV Luminosity Fraction []: 0.001000 
(RossbyNumber) Rossby Number []: 1.920567 
(DRotPerDtStellar) Time Rate of Change of Rotation Period in STELLAR []: -5.002370e-08 
Output Order: Time[year] Radius[Solar] RotPer[days] Luminosity[LSUN]
Grid Output Order:

----- BODY: TGb ----
Active Modules: DistOrb DistRot EqTide
Module Bit Sum: 51
Color: 000000
(Mass) Mass [kg]: 6.893768e+24 
(Obliquity) Obliquity [rad]: 0.018390 
(PrecA) Body's precession angle [rad]: 4.567556 
(Xobl) Body's sin(obl)*cos(pA) []: -0.002654 
(Yobl) Body's sin(obl)*sin(pA) []: -0.018196 
(Zobl) Body's cos(obl) []: 0.999831 
(Radius) Radius [m]: 6.631981e+06 
(RadGyra) Radius of Gyration []: 0.400000 
(RotAngMom) Rotational Angular Momentum [kg*m^2/sec]: 6.854399e+32 
(RotKinEnergy) Body's Rotational Energy [kg*m^2/sec^2]: 4.842231e+27 
(RotVel) Rotational Velocity [m/sec]: 93.702115 
(BodyType) Type of Body (0 == planet) []: 0.000000 
(RotRate) Rotational Frequency [/sec]: 1.412883e-05 
(RotPer) Rotational Period [days]: 5.147069 
(SurfEnFluxTotal) Total Surface Energy Flux [kg*m^2/sec^2/(m^2*sec)]: 0.835504 
(ImK2) Im(k_2) []: -3.000000e-07 
(K2) k_2 []: 0.300000 
(K2Man) Real Love Number k2 Mantle []: 0.010000 
(Imk2Man) Imaginary Love Number k2 Mantle []: 0.000000 
(TidalQMantle) Mantle's Tidal Q []: 100.000000 
(HEcc) Poincare's h (=e*sin(varpi) []: 0.003344 
(HZLimitDryRunaway) Semi-major axis of Dry Runaway HZ Limit [m]: 2.884980e+10 
(HZLimRecVenus) Recent Venus Habitable Zone Limit [m]: 2.597124e+10 
(HZLimRunaway) Runaway Greenhouse Habitable Zone Limit [m]: 3.417201e+10 
(HZLimMoistGreenhouse) Moist Greenhouse Habitable Zone Limit [m]: 3.436426e+10 
(HZLimMaxGreenhouse) Maximum Greenhouse Habitable Zone Limit [m]: 6.602009e+10 
(HZLimEarlyMars) Early Mars Habitable Zone Limit [m]: 7.200175e+10 
(Instellation) Orbit-averaged INcident STELLar radiATION [kg*m^2/sec^2/(m^2*sec)]: 9.719227e+04 
(KEcc) Poincare's k (=e*cos(varpi) []: -0.024332 
(Eccentricity) Orbital Eccentricity []: 0.024561 
(OrbEnergy) Body's Total Orbital Energy [kg*m^2/sec^2]: -9.707623e+33 
(MeanMotion) Orbital Mean Motion [/sec]: 1.407787e-05 
(OrbPeriod) Orbital Period [sec]: 4.463164e+05 
(SemiMajorAxis) Semi-major Axis [m]: 3.769775e+09 
(CriticalSemiMajorAxis) Holman & Wiegert (1999) P-type Critical Semi-major Axis [m]: -1.000000 
(OrbAngMom) Orbital Angular Momentum [kg*m^2/sec]: 1.378716e+39 
(ArgP) Body's argument of pericenter [rad]: 4.969985 
(Inc) Body's Inclination [rad]: 0.180915 
(LongA) Body's Longitude of ascending node [rad]: 4.318222 
(MeanLongitude) Orbital Mean Longitude [rad]: 3.005021 
(TotOrbEnergy) System's Total Orbital Energy [kg*m^2/sec^2]: -1.571886e+34 
(OrbPotEnergy) Body's Orbital Potential Energy [kg*m^2/sec^2]: -1.941525e+34 
(LostEnergy) Body's Total Lost Energy [kg*m^2/sec^2]: 2.741228e+29 
Mass-Radius Relationship: Bayless, A.J. & Orosz, J.A. 2006, ApJ, 651, 1155-1165.
----- EQTIDE PARAMETERS (TGb)------
(TidalRadius) Tidal Radius [m]: 6.631981e+06 
(DsemiDtEqtide) Total da/dt in EQTIDE [m/sec]: -9.704044e-10 
(DeccDtEqtide) Total de/dt in EQTIDE [/sec]: -9.192013e-19 
(DMeanMotionDtEqtide) Total dMeanMotion/dt in EQTIDE [/sec^2]: 5.435826e-24 
(DOrbPerDtEqtide) Total dOrbPer/dt in EQTIDE []: -1.723342e-13 
(EccTimeEqtide) Timescale for Eccentricity Evolution (e/[de/dt]) in EQTIDE [sec]: 2.671943e+16 
(SemiTimeEqtide) Timescale for Semi-major Axis Evolution (a/[da/dt]) in EQTIDE [sec]: 3.884747e+18 
(DHEccDtEqtide) Time Rate of Change of Poincare's h in EQTIDE [/sec]: -1.251466e-19 
(DKEccDtEqtide) Time Rate of Change of Poincare's k in EQTIDE [/sec]: 9.106423e-19 
(DXoblDtEqtide) Time Rate of Change of Laskar's X in EQTIDE [/sec]: 2.793084e-14 
(DYoblDtEqtide) Time Rate of Change of Laskar's Y in EQTIDE [/sec]: 1.914978e-13 
(DZoblDtEqtide) Time Rate of Change of Laskar's Z in EQTIDE [/sec]: 3.559246e-15 
(LockTime) Time when body tidally locked. [sec]: 2.835965e+11 
(BodyDsemiDtEqtide) Body's Contribution to dSemi/dt in EQTIDE []: -1.000000 
(BodyDeccDt) Body's Contribution to dEcc/dt in EQTIDE []: -1.000000 
(DOblDtEqtide) Time Rate of Change of Obliquity in EQTIDE [rad/sec]: -1.935568e-13 
(DRotPerDtEqtide) Time Rate of Change of Rotation Period in EQTIDE []: -1.750863e-298 
(DRotRateDtEqtide) Time Rate of Change of Rotational Frequency in EQTIDE [/sec^2]: 5.562685e-309 
(EqRotPer) Equilibrium Rotation Period [sec]: 4.447068e+05 
(EqRotRate) Equilibrium Rotation Rate [/sec]: 1.412883e-05 
(OceanK2) K2_Ocean []: 0.010000 
(EnvTidalQ) Envelope Tidal Q []: -1.000000 
(OceanTidalQ) Ocean Tidal Q []: -1.000000 
(TidalTau) Tidal Time Lag [sec]: 149.605925 
(TideLock) Tidally Locked? []: 1.000000 
(RotTimeEqtide) Timescale for Rotational Evolution in EQTIDE [sec]: 2.539930e+303 
(EnvK2) K2_Env []: 0.010000 
(OblTimeEqtide) Timescale for Obliquity Evolution in EQTIDE []: -1.000000 
(PowerEqtide) Internal Power due to Tides in EQTIDE [kg*m^2/sec^3]: 4.617903e+14 
(SurfEnFluxEqtide) Surface Energy Flux due to Tides in EQTIDE [W/m^2]: 0.835504 
Tidal Perturbers: TGstar
----- DISTORB PARAMETERS (TGb)------
(Sinc) Body's sin(1/2*Inclination) in DistOrb []: 0.090334 
(Pinc) Body's p = s*sin(Omega) in DistOrb []: -0.083407 
(Qinc) Body's q = s* cos(Omega) in DistOrb []: -0.034692 
(DIncDtDistOrb) Body's dInc/dt in DistOrb [rad/sec]: 2.088915e-11 
(DSincDtDistOrb) Body's dsin(.5*Inc)/dt in DistOrb [/sec]: 1.040187e-11 
(DLongADtDistOrb) Body's dOmega/dt in DistOrb [rad/sec]: -1.949676e-10 
(DLongPDtDistOrb) Body's dvarpi/dt in DistOrb [rad/sec]: -1.273816e-10 
(DHeccDtDistOrb) Body's dh/dt in DistOrb [/sec]: 3.609012e-12 
(DKeccDtDistOrb) Body's dk/dt in DistOrb [/sec]: -3.282094e-12 
(DPincDtDistOrb) Body's dp/dt in DistOrb [/sec]: -2.840425e-12 
(DQincDtDistOrb) Body's dq/dt in DistOrb [/sec]: -2.025641e-11 
-----DISTROT PARAMETERS (TGb)------
(CassiniOne) First Cassini parameter (misalignment of Cassini state vectors) []: 0.005912 
(CassiniTwo) Second Cassini parameter (alignment of Cassini state vectors []: -0.999983 
(DOblDtDistRot) Body's dobl/dt in DistRot [rad]: 7.852650e-14 
(DPrecADtDistRot) Body's dpA/dt in DistRot [rad/sec]: 3.226658e-10 
(DXoblDtDistRot) Body's dXobl/dt in DistRot [/sec]: 5.859930e-12 
(DYoblDtDistRot) Body's dYobl/dt in DistRot [/sec]: -9.340418e-13 
(DZoblDtDistRot) Body's dZobl/dt in DistRot [/sec]: -1.443995e-15 
(OblTimeDistRot) Obliquity timescale in DistRot [rad]: 4.000678e+13 
(PrecATimeDistRot) Axial precession timescale in DistRot [sec]: 1.947273e+10 
(XoblTimeDistRot) Xobl timescale in DistRot [/sec]: 1.706505e+11 
(YoblTimeDistRot) Yobl timescale in DistRot [/sec]: 1.070616e+12 
(ZoblTimeDistRot) Zobl timescale in DistRot [/sec]: 6.925232e+14 
(DynEllip) dynamical ellipticity of planet []: 0.000121 
(PrecFNat) natural precession freq of planet [rad/sec]: 2.539435e-09 
Output Order: Time[year] RotPer[days] LongP[deg] SemiMajorAxis[AU] Eccentricity[] LockTime[year] TideLock[year] SurfEnFluxEqtide[W/m^2] Obliquity[deg] PrecA[deg] DeltaTime[year] CassiniOne[year] CassiniTwo[year] PrecFNat[deg/year] DynEllip[]
Grid Output Order:

----- BODY: TGc ----
Active Modules: DistOrb EqTide
Module Bit Sum: 19
Color: 000000
(Mass) Mass [kg]: 7.335058e+24 
(Obliquity) Obliquity [rad]: 7.147742e-26 
(PrecA) Body's precession angle [rad]: 0.044926 
(Xobl) Body's sin(obl)*cos(pA) []: 7.140530e-26 
(Yobl) Body's sin(obl)*sin(pA) []: 3.210095e-27 
(Zobl) Body's cos(obl) []: 1.000000 
(Radius) Radius [m]: 6.744858e+06 
(RadGyra) Radius of Gyration []: 0.400000 
(RotAngMom) Rotational Angular Momentum [kg*m^2/sec]: 3.520652e+32 
(RotKinEnergy) Body's Rotational Energy [kg*m^2/sec^2]: 1.160772e+27 
(RotVel) Rotational Velocity [m/sec]: 44.476108 
(BodyType) Type of Body (0 == planet) []: 0.000000 
(RotRate) Rotational Frequency [/sec]: 6.594076e-06 
(RotPer) Rotational Period [days]: 11.028392 
(SurfEnFluxTotal) Total Surface Energy Flux [kg*m^2/sec^2/(m^2*sec)]: 0.458725 
(ImK2) Im(k_2) []: -3.000000e-07 
(K2) k_2 []: 0.300000 
(K2Man) Real Love Number k2 Mantle []: 0.010000 
(Imk2Man) Imaginary Love Number k2 Mantle []: 0.000000 
(TidalQMantle) Mantle's Tidal Q []: 100.000000 
(HEcc) Poincare's h (=e*sin(varpi) []: -0.022946 
(HZLimitDryRunaway) Semi-major axis of Dry Runaway HZ Limit [m]: 2.897413e+10 
(HZLimRecVenus) Recent Venus Habitable Zone Limit [m]: 2.597124e+10 
(HZLimRunaway) Runaway Greenhouse Habitable Zone Limit [m]: 3.417201e+10 
(HZLimMoistGreenhouse) Moist Greenhouse Habitable Zone Limit [m]: 3.436426e+10 
(HZLimMaxGreenhouse) Maximum Greenhouse Habitable Zone Limit [m]: 6.602009e+10 
(HZLimEarlyMars) Early Mars Habitable Zone Limit [m]: 7.200175e+10 
(Instellation) Orbit-averaged INcident STELLar radiATION [kg*m^2/sec^2/(m^2*sec)]: 3.306033e+04 
(KEcc) Poincare's k (=e*cos(varpi) []: -0.092927 
(Eccentricity) Orbital Eccentricity []: 0.095718 
(OrbEnergy) Body's Total Orbital Energy [kg*m^2/sec^2]: -6.011235e+33 
(MeanMotion) Orbital Mean Motion [/sec]: 6.250195e-06 
(OrbPeriod) Orbital Period [sec]: 1.005278e+06 
(SemiMajorAxis) Semi-major Axis [m]: 6.477561e+09 
(CriticalSemiMajorAxis) Holman & Wiegert (1999) P-type Critical Semi-major Axis [m]: -1.000000 
(OrbAngMom) Orbital Angular Momentum [kg*m^2/sec]: 1.914703e+39 
(ArgP) Body's argument of pericenter [rad]: 0.706069 
(Inc) Body's Inclination [rad]: 0.110483 
(LongA) Body's Longitude of ascending node [rad]: 2.677601 
(MeanLongitude) Orbital Mean Longitude [rad]: -2.899515 
(TotOrbEnergy) System's Total Orbital Energy [kg*m^2/sec^2]: -1.571886e+34 
(OrbPotEnergy) Body's Orbital Potential Energy [kg*m^2/sec^2]: -1.202247e+34 
(LostEnergy) Body's Total Lost Energy [kg*m^2/sec^2]: 1.639541e+29 
Mass-Radius Relationship: Bayless, A.J. & Orosz, J.A. 2006, ApJ, 651, 1155-1165.
----- EQTIDE PARAMETERS (TGc)------
(TidalRadius) Tidal Radius [m]: 6.744858e+06 
(DsemiDtEqtide) Total da/dt in EQTIDE [m/sec]: -3.046221e-10 
(DeccDtEqtide) Total de/dt in EQTIDE [/sec]: -2.271527e-19 
(DMeanMotionDtEqtide) Total dMeanMotion/dt in EQTIDE [/sec^2]: 4.408946e-25 
(DOrbPerDtEqtide) Total dOrbPer/dt in EQTIDE []: -7.091327e-14 
(EccTimeEqtide) Timescale for Eccentricity Evolution (e/[de/dt]) in EQTIDE [sec]: 4.213810e+17 
(SemiTimeEqtide) Timescale for Semi-major Axis Evolution (a/[da/dt]) in EQTIDE [sec]: 2.126425e+19 
(DHEccDtEqtide) Time Rate of Change of Poincare's h in EQTIDE [/sec]: 5.445315e-20 
(DKEccDtEqtide) Time Rate of Change of Poincare's k in EQTIDE [/sec]: 2.205293e-19 
(DXoblDtEqtide) Time Rate of Change of Laskar's X in EQTIDE [/sec]: -1.395712e-37 
(DYoblDtEqtide) Time Rate of Change of Laskar's Y in EQTIDE [/sec]: -6.274560e-39 
(DZoblDtEqtide) Time Rate of Change of Laskar's Z in EQTIDE [/sec]: 9.986265e-63 
(LockTime) Time when body tidally locked. [sec]: 1.783438e+12 
(BodyDsemiDtEqtide) Body's Contribution to dSemi/dt in EQTIDE []: -1.000000 
(BodyDeccDt) Body's Contribution to dEcc/dt in EQTIDE []: -1.000000 
(DOblDtEqtide) Time Rate of Change of Obliquity in EQTIDE [rad/sec]: -1.397122e-37 
(DRotPerDtEqtide) Time Rate of Change of Rotation Period in EQTIDE []: -8.038156e-298 
(DRotRateDtEqtide) Time Rate of Change of Rotational Frequency in EQTIDE [/sec^2]: 5.562685e-309 
(EqRotPer) Equilibrium Rotation Period [sec]: 9.528530e+05 
(EqRotRate) Equilibrium Rotation Rate [/sec]: 6.594076e-06 
(OceanK2) K2_Ocean []: 0.010000 
(EnvTidalQ) Envelope Tidal Q []: -1.000000 
(OceanTidalQ) Ocean Tidal Q []: -1.000000 
(TidalTau) Tidal Time Lag [sec]: 678.501980 
(TideLock) Tidally Locked? []: 1.000000 
(RotTimeEqtide) Timescale for Rotational Evolution in EQTIDE [sec]: 1.185413e+303 
(EnvK2) K2_Env []: 0.010000 
(OblTimeEqtide) Timescale for Obliquity Evolution in EQTIDE []: -1.000000 
(PowerEqtide) Internal Power due to Tides in EQTIDE [kg*m^2/sec^3]: 2.622454e+14 
(SurfEnFluxEqtide) Surface Energy Flux due to Tides in EQTIDE [W/m^2]: 0.458725 
Tidal Perturbers: TGstar
----- DISTORB PARAMETERS (TGc)------
(Sinc) Body's sin(1/2*Inclination) in DistOrb []: 0.055213 
(Pinc) Body's p = s*sin(Omega) in DistOrb []: 0.024709 
(Qinc) Body's q = s* cos(Omega) in DistOrb []: -0.049376 
(DIncDtDistOrb) Body's dInc/dt in DistOrb [rad/sec]: -2.432798e-11 
(DSincDtDistOrb) Body's dsin(.5*Inc)/dt in DistOrb [/sec]: -1.214544e-11 
(DLongADtDistOrb) Body's dOmega/dt in DistOrb [rad/sec]: -1.495657e-10 
(DLongPDtDistOrb) Body's dvarpi/dt in DistOrb [rad/sec]: 8.834960e-11 
(DHeccDtDistOrb) Body's dh/dt in DistOrb [/sec]: -7.987294e-12 
(DKeccDtDistOrb) Body's dk/dt in DistOrb [/sec]: 2.929377e-12 
(DPincDtDistOrb) Body's dp/dt in DistOrb [/sec]: 1.949579e-12 
(DQincDtDistOrb) Body's dq/dt in DistOrb [/sec]: 1.455697e-11 
Output Order: Time[year] RotPer[days] LongP[deg] SemiMajorAxis[AU] Eccentricity[] LockTime[year] TideLock[year] SurfEnFluxEqtide[W/m^2] Obliquity[deg] PrecA[deg] DeltaTime[year]
Grid Output Order:
